# JRE version: Java(TM) SE Runtime Environment (7.0_80-b15) (build 1.7.0_80-b15)
# Java VM: Java HotSpot(TM) 64-Bit Server VM (24.80-b11 mixed mode windows-amd64 compressed oops)
Heap
 PSYoungGen      total 288256K, used 219973K [0x00000000eb300000, 0x0000000100000000, 0x0000000100000000)
  eden space 237568K, 80% used [0x00000000eb300000,0x00000000f6ded878,0x00000000f9b00000)
  from space 50688K, 56% used [0x00000000f9b00000,0x00000000fb6e3dc0,0x00000000fcc80000)
  to   space 50688K, 0% used [0x00000000fce80000,0x00000000fce80000,0x0000000100000000)
 ParOldGen       total 118784K, used 58904K [0x00000000c1a00000, 0x00000000c8e00000, 0x00000000eb300000)
  object space 118784K, 49% used [0x00000000c1a00000,0x00000000c5386398,0x00000000c8e00000)
 PSPermGen       total 59904K, used 58898K [0x00000000bc800000, 0x00000000c0280000, 0x00000000c1a00000)
  object space 59904K, 98% used [0x00000000bc800000,0x00000000c01849b8,0x00000000c0280000)
GC Heap History (10 events):
Event: 10.621 GC heap before
{Heap before GC invocations=13 (full 1):
 PSYoungGen      total 224256K, used 224247K [0x00000000eb300000, 0x00000000fd600000, 0x0000000100000000)
  eden space 196096K, 100% used [0x00000000eb300000,0x00000000f7280000,0x00000000f7280000)
  from space 28160K, 99% used [0x00000000f7280000,0x00000000f8dfde78,0x00000000f8e00000)
  to   space 39424K, 0% used [0x00000000faf80000,0x00000000faf80000,0x00000000fd600000)
 ParOldGen       total 76288K, used 56599K [0x00000000c1a00000, 0x00000000c6480000, 0x00000000eb300000)
  object space 76288K, 74% used [0x00000000c1a00000,0x00000000c5145eb8,0x00000000c6480000)
 PSPermGen       total 53248K, used 26452K [0x00000000bc800000, 0x00000000bfc00000, 0x00000000c1a00000)
  object space 53248K, 49% used [0x00000000bc800000,0x00000000be1d50a8,0x00000000bfc00000)
Event: 10.669 GC heap after
Heap after GC invocations=13 (full 1):
 PSYoungGen      total 246272K, used 39398K [0x00000000eb300000, 0x0000000100000000, 0x0000000100000000)
  eden space 206848K, 0% used [0x00000000eb300000,0x00000000eb300000,0x00000000f7d00000)
  from space 39424K, 99% used [0x00000000faf80000,0x00000000fd5f9910,0x00000000fd600000)
  to   space 51712K, 0% used [0x00000000f7d00000,0x00000000f7d00000,0x00000000faf80000)
 ParOldGen       total 76288K, used 71968K [0x00000000c1a00000, 0x00000000c6480000, 0x00000000eb300000)
  object space 76288K, 94% used [0x00000000c1a00000,0x00000000c60481e8,0x00000000c6480000)
 PSPermGen       total 53248K, used 26452K [0x00000000bc800000, 0x00000000bfc00000, 0x00000000c1a00000)
  object space 53248K, 49% used [0x00000000bc800000,0x00000000be1d50a8,0x00000000bfc00000)
}
Event: 10.669 GC heap before
{Heap before GC invocations=14 (full 2):
 PSYoungGen      total 246272K, used 39398K [0x00000000eb300000, 0x0000000100000000, 0x0000000100000000)
  eden space 206848K, 0% used [0x00000000eb300000,0x00000000eb300000,0x00000000f7d00000)
  from space 39424K, 99% used [0x00000000faf80000,0x00000000fd5f9910,0x00000000fd600000)
  to   space 51712K, 0% used [0x00000000f7d00000,0x00000000f7d00000,0x00000000faf80000)
 ParOldGen       total 76288K, used 71968K [0x00000000c1a00000, 0x00000000c6480000, 0x00000000eb300000)
  object space 76288K, 94% used [0x00000000c1a00000,0x00000000c60481e8,0x00000000c6480000)
 PSPermGen       total 53248K, used 26452K [0x00000000bc800000, 0x00000000bfc00000, 0x00000000c1a00000)
  object space 53248K, 49% used [0x00000000bc800000,0x00000000be1d50a8,0x00000000bfc00000)
Event: 10.797 GC heap after
Heap after GC invocations=14 (full 2):
 PSYoungGen      total 246272K, used 0K [0x00000000eb300000, 0x0000000100000000, 0x0000000100000000)
  eden space 206848K, 0% used [0x00000000eb300000,0x00000000eb300000,0x00000000f7d00000)
  from space 39424K, 0% used [0x00000000faf80000,0x00000000faf80000,0x00000000fd600000)
  to   space 51712K, 0% used [0x00000000f7d00000,0x00000000f7d00000,0x00000000faf80000)
 ParOldGen       total 118784K, used 58880K [0x00000000c1a00000, 0x00000000c8e00000, 0x00000000eb300000)
  object space 118784K, 49% used [0x00000000c1a00000,0x00000000c5380398,0x00000000c8e00000)
 PSPermGen       total 59904K, used 26451K [0x00000000bc800000, 0x00000000c0280000, 0x00000000c1a00000)
  object space 59904K, 44% used [0x00000000bc800000,0x00000000be1d4f08,0x00000000c0280000)
}
Event: 13.058 GC heap before
{Heap before GC invocations=15 (full 2):
 PSYoungGen      total 246272K, used 206848K [0x00000000eb300000, 0x0000000100000000, 0x0000000100000000)
  eden space 206848K, 100% used [0x00000000eb300000,0x00000000f7d00000,0x00000000f7d00000)
  from space 39424K, 0% used [0x00000000faf80000,0x00000000faf80000,0x00000000fd600000)
  to   space 51712K, 0% used [0x00000000f7d00000,0x00000000f7d00000,0x00000000faf80000)
 ParOldGen       total 118784K, used 58880K [0x00000000c1a00000, 0x00000000c8e00000, 0x00000000eb300000)
  object space 118784K, 49% used [0x00000000c1a00000,0x00000000c5380398,0x00000000c8e00000)
 PSPermGen       total 59904K, used 37197K [0x00000000bc800000, 0x00000000c0280000, 0x00000000c1a00000)
  object space 59904K, 62% used [0x00000000bc800000,0x00000000bec53498,0x00000000c0280000)
Event: 13.087 GC heap after
Heap after GC invocations=15 (full 2):
 PSYoungGen      total 258560K, used 27008K [0x00000000eb300000, 0x0000000100000000, 0x0000000100000000)
  eden space 206848K, 0% used [0x00000000eb300000,0x00000000eb300000,0x00000000f7d00000)
  from space 51712K, 52% used [0x00000000f7d00000,0x00000000f9760290,0x00000000faf80000)
  to   space 51712K, 0% used [0x00000000fcd80000,0x00000000fcd80000,0x0000000100000000)
 ParOldGen       total 118784K, used 58888K [0x00000000c1a00000, 0x00000000c8e00000, 0x00000000eb300000)
  object space 118784K, 49% used [0x00000000c1a00000,0x00000000c5382398,0x00000000c8e00000)
 PSPermGen       total 59904K, used 37197K [0x00000000bc800000, 0x00000000c0280000, 0x00000000c1a00000)
  object space 59904K, 62% used [0x00000000bc800000,0x00000000bec53498,0x00000000c0280000)
}
Event: 18.989 GC heap before
{Heap before GC invocations=16 (full 2):
 PSYoungGen      total 258560K, used 233856K [0x00000000eb300000, 0x0000000100000000, 0x0000000100000000)
  eden space 206848K, 100% used [0x00000000eb300000,0x00000000f7d00000,0x00000000f7d00000)
  from space 51712K, 52% used [0x00000000f7d00000,0x00000000f9760290,0x00000000faf80000)
  to   space 51712K, 0% used [0x00000000fcd80000,0x00000000fcd80000,0x0000000100000000)
 ParOldGen       total 118784K, used 58888K [0x00000000c1a00000, 0x00000000c8e00000, 0x00000000eb300000)
  object space 118784K, 49% used [0x00000000c1a00000,0x00000000c5382398,0x00000000c8e00000)
 PSPermGen       total 59904K, used 47148K [0x00000000bc800000, 0x00000000c0280000, 0x00000000c1a00000)
  object space 59904K, 78% used [0x00000000bc800000,0x00000000bf60b3a0,0x00000000c0280000)
Event: 19.035 GC heap after
Heap after GC invocations=16 (full 2):
 PSYoungGen      total 287232K, used 25710K [0x00000000eb300000, 0x00000000ffe00000, 0x0000000100000000)
  eden space 237568K, 0% used [0x00000000eb300000,0x00000000eb300000,0x00000000f9b00000)
  from space 49664K, 51% used [0x00000000fcd80000,0x00000000fe69bb08,0x00000000ffe00000)
  to   space 50688K, 0% used [0x00000000f9b00000,0x00000000f9b00000,0x00000000fcc80000)
 ParOldGen       total 118784K, used 58896K [0x00000000c1a00000, 0x00000000c8e00000, 0x00000000eb300000)
  object space 118784K, 49% used [0x00000000c1a00000,0x00000000c5384398,0x00000000c8e00000)
 PSPermGen       total 59904K, used 47148K [0x00000000bc800000, 0x00000000c0280000, 0x00000000c1a00000)
  object space 59904K, 78% used [0x00000000bc800000,0x00000000bf60b3a0,0x00000000c0280000)
}
Event: 289.600 GC heap before
{Heap before GC invocations=17 (full 2):
 PSYoungGen      total 287232K, used 263278K [0x00000000eb300000, 0x00000000ffe00000, 0x0000000100000000)
  eden space 237568K, 100% used [0x00000000eb300000,0x00000000f9b00000,0x00000000f9b00000)
  from space 49664K, 51% used [0x00000000fcd80000,0x00000000fe69bb08,0x00000000ffe00000)
  to   space 50688K, 0% used [0x00000000f9b00000,0x00000000f9b00000,0x00000000fcc80000)
 ParOldGen       total 118784K, used 58896K [0x00000000c1a00000, 0x00000000c8e00000, 0x00000000eb300000)
  object space 118784K, 49% used [0x00000000c1a00000,0x00000000c5384398,0x00000000c8e00000)
 PSPermGen       total 59904K, used 58582K [0x00000000bc800000, 0x00000000c0280000, 0x00000000c1a00000)
  object space 59904K, 97% used [0x00000000bc800000,0x00000000c0135b20,0x00000000c0280000)
Event: 289.636 GC heap after
Heap after GC invocations=17 (full 2):
 PSYoungGen      total 288256K, used 28559K [0x00000000eb300000, 0x0000000100000000, 0x0000000100000000)
  eden space 237568K, 0% used [0x00000000eb300000,0x00000000eb300000,0x00000000f9b00000)
  from space 50688K, 56% used [0x00000000f9b00000,0x00000000fb6e3dc0,0x00000000fcc80000)
  to   space 50688K, 0% used [0x00000000fce80000,0x00000000fce80000,0x0000000100000000)
 ParOldGen       total 118784K, used 58904K [0x00000000c1a00000, 0x00000000c8e00000, 0x00000000eb300000)
  object space 118784K, 49% used [0x00000000c1a00000,0x00000000c5386398,0x00000000c8e00000)
 PSPermGen       total 59904K, used 58582K [0x00000000bc800000, 0x00000000c0280000, 0x00000000c1a00000)
  object space 59904K, 97% used [0x00000000bc800000,0x00000000c0135b20,0x00000000c0280000)
}

